<?xml version="1.0" encoding="UTF-8"?>
<!-- Generated by org.testng.reporters.JUnitXMLReporter -->
<testsuite ignored="0" hostname="FYNXTLAPIND066" failures="0" tests="3" name="Default test" time="12.013" errors="0" timestamp="2024-10-18T05:33:06 IST">
  <testcase classname="test.StoreTests" name="testPostStore" time="7.504"/>
  <testcase classname="test.StoreTests" name="testGetStore" time="1.19"/>
  <testcase classname="test.StoreTests" name="testDeleteStore" time="1.123"/>
</testsuite> <!-- Default test -->
