<?xml version="1.0" encoding="UTF-8"?>
<!-- Generated by org.testng.reporters.JUnitXMLReporter -->
<testsuite ignored="0" hostname="FYNXTLAPIND066" failures="0" tests="4" name="Test" time="15.002" errors="0" timestamp="2024-10-02T16:10:54 IST">
  <testcase classname="test.UserTests" name="testPostUser" time="5.556"/>
  <testcase classname="test.UserTests" name="testGetUser" time="2.074"/>
  <testcase classname="test.UserTests" name="testUpdateUser" time="2.908"/>
  <testcase classname="test.UserTests" name="testDeleteUser" time="1.63"/>
</testsuite> <!-- Test -->
