<?xml version="1.0" encoding="UTF-8"?>
<!-- Generated by org.testng.reporters.JUnitXMLReporter -->
<testsuite ignored="0" hostname="FYNXTLAPIND066" failures="0" tests="4" name="Test" time="12.567" errors="0" timestamp="2024-10-04T12:44:18 IST">
  <testcase classname="test.UserTests" name="testPostUser" time="5.171"/>
  <testcase classname="test.UserTests" name="testGetUser" time="1.285"/>
  <testcase classname="test.UserTests" name="testUpdateUser" time="2.84"/>
  <testcase classname="test.UserTests" name="testDeleteUser" time="1.227"/>
</testsuite> <!-- Test -->
