<?xml version="1.0" encoding="UTF-8"?>
<!-- Generated by org.testng.reporters.JUnitXMLReporter -->
<testsuite ignored="0" hostname="FYNXTLAPIND066" failures="0" tests="4" name="Test" time="12.224" errors="0" timestamp="2024-10-22T01:53:17 IST">
  <testcase classname="test.UserTests" name="testPostUser" time="4.348"/>
  <testcase classname="test.UserTests" name="testGetUser" time="2.296"/>
  <testcase classname="test.UserTests" name="testUpdateUser" time="2.599"/>
  <testcase classname="test.UserTests" name="testDeleteUser" time="1.315"/>
</testsuite> <!-- Test -->
