<?xml version="1.0" encoding="UTF-8"?>
<testng-results ignored="0" total="4" passed="4" failed="0" skipped="0">
  <reporter-output>
  </reporter-output>
  <suite started-at="2024-10-22T01:53:04 IST" name="Suite" finished-at="2024-10-22T01:53:16 IST" duration-ms="12224">
    <groups>
    </groups>
    <test started-at="2024-10-22T01:53:04 IST" name="Test" finished-at="2024-10-22T01:53:16 IST" duration-ms="12224">
      <class name="test.UserTests">
        <test-method is-config="true" signature="setup()[pri:0, instance:test.UserTests@43195e57]" started-at="2024-10-22T01:53:05 IST" name="setup" finished-at="2024-10-22T01:53:06 IST" duration-ms="1256" status="PASS">
          <reporter-output>
          </reporter-output>
        </test-method> <!-- setup -->
        <test-method signature="testPostUser()[pri:1, instance:test.UserTests@43195e57]" started-at="2024-10-22T01:53:06 IST" name="testPostUser" finished-at="2024-10-22T01:53:10 IST" duration-ms="4348" status="PASS">
          <reporter-output>
          </reporter-output>
        </test-method> <!-- testPostUser -->
        <test-method signature="testGetUser()[pri:2, instance:test.UserTests@43195e57]" started-at="2024-10-22T01:53:10 IST" name="testGetUser" finished-at="2024-10-22T01:53:13 IST" duration-ms="2296" status="PASS">
          <reporter-output>
          </reporter-output>
        </test-method> <!-- testGetUser -->
        <test-method signature="testUpdateUser()[pri:3, instance:test.UserTests@43195e57]" started-at="2024-10-22T01:53:13 IST" name="testUpdateUser" finished-at="2024-10-22T01:53:15 IST" duration-ms="2599" status="PASS">
          <reporter-output>
          </reporter-output>
        </test-method> <!-- testUpdateUser -->
        <test-method signature="testDeleteUser()[pri:4, instance:test.UserTests@43195e57]" started-at="2024-10-22T01:53:15 IST" name="testDeleteUser" finished-at="2024-10-22T01:53:16 IST" duration-ms="1315" status="PASS">
          <reporter-output>
          </reporter-output>
        </test-method> <!-- testDeleteUser -->
      </class> <!-- test.UserTests -->
    </test> <!-- Test -->
  </suite> <!-- Suite -->
</testng-results>
