<?xml version="1.0" encoding="UTF-8"?>
<testng-results ignored="0" total="3" passed="3" failed="0" skipped="0">
  <reporter-output>
  </reporter-output>
  <suite started-at="2024-10-18T05:32:54 IST" name="Default suite" finished-at="2024-10-18T05:33:06 IST" duration-ms="12013">
    <groups>
    </groups>
    <test started-at="2024-10-18T05:32:54 IST" name="Default test" finished-at="2024-10-18T05:33:06 IST" duration-ms="12013">
      <class name="test.StoreTests">
        <test-method is-config="true" signature="setup()[pri:0, instance:test.StoreTests@48f2bd5b]" started-at="2024-10-18T05:32:54 IST" name="setup" finished-at="2024-10-18T05:32:56 IST" duration-ms="2042" status="PASS">
          <reporter-output>
          </reporter-output>
        </test-method> <!-- setup -->
        <test-method signature="testPostStore()[pri:1, instance:test.StoreTests@48f2bd5b]" started-at="2024-10-18T05:32:56 IST" name="testPostStore" finished-at="2024-10-18T05:33:04 IST" duration-ms="7504" status="PASS">
          <reporter-output>
          </reporter-output>
        </test-method> <!-- testPostStore -->
        <test-method signature="testGetStore()[pri:2, instance:test.StoreTests@48f2bd5b]" started-at="2024-10-18T05:33:04 IST" name="testGetStore" finished-at="2024-10-18T05:33:05 IST" duration-ms="1190" status="PASS">
          <reporter-output>
          </reporter-output>
        </test-method> <!-- testGetStore -->
        <test-method signature="testDeleteStore()[pri:3, instance:test.StoreTests@48f2bd5b]" started-at="2024-10-18T05:33:05 IST" name="testDeleteStore" finished-at="2024-10-18T05:33:06 IST" duration-ms="1123" status="PASS">
          <reporter-output>
          </reporter-output>
        </test-method> <!-- testDeleteStore -->
      </class> <!-- test.StoreTests -->
    </test> <!-- Default test -->
  </suite> <!-- Default suite -->
</testng-results>
