<?xml version="1.0" encoding="UTF-8"?>
<testng-results ignored="0" total="4" passed="4" failed="0" skipped="0">
  <reporter-output>
  </reporter-output>
  <suite started-at="2024-10-02T16:10:39 IST" name="Suite" finished-at="2024-10-02T16:10:54 IST" duration-ms="15002">
    <groups>
    </groups>
    <test started-at="2024-10-02T16:10:39 IST" name="Test" finished-at="2024-10-02T16:10:54 IST" duration-ms="15002">
      <class name="test.UserTests">
        <test-method is-config="true" signature="setup()[pri:0, instance:test.UserTests@4d5d943d]" started-at="2024-10-02T16:10:40 IST" name="setup" finished-at="2024-10-02T16:10:41 IST" duration-ms="1882" status="PASS">
          <reporter-output>
          </reporter-output>
        </test-method> <!-- setup -->
        <test-method signature="testPostUser()[pri:1, instance:test.UserTests@4d5d943d]" started-at="2024-10-02T16:10:42 IST" name="testPostUser" finished-at="2024-10-02T16:10:47 IST" duration-ms="5556" status="PASS">
          <reporter-output>
          </reporter-output>
        </test-method> <!-- testPostUser -->
        <test-method signature="testGetUser()[pri:2, instance:test.UserTests@4d5d943d]" started-at="2024-10-02T16:10:47 IST" name="testGetUser" finished-at="2024-10-02T16:10:49 IST" duration-ms="2074" status="PASS">
          <reporter-output>
          </reporter-output>
        </test-method> <!-- testGetUser -->
        <test-method signature="testUpdateUser()[pri:3, instance:test.UserTests@4d5d943d]" started-at="2024-10-02T16:10:49 IST" name="testUpdateUser" finished-at="2024-10-02T16:10:52 IST" duration-ms="2908" status="PASS">
          <reporter-output>
          </reporter-output>
        </test-method> <!-- testUpdateUser -->
        <test-method signature="testDeleteUser()[pri:4, instance:test.UserTests@4d5d943d]" started-at="2024-10-02T16:10:52 IST" name="testDeleteUser" finished-at="2024-10-02T16:10:54 IST" duration-ms="1630" status="PASS">
          <reporter-output>
          </reporter-output>
        </test-method> <!-- testDeleteUser -->
      </class> <!-- test.UserTests -->
    </test> <!-- Test -->
  </suite> <!-- Suite -->
</testng-results>
